#
# A fatal error has been detected by the Java Runtime Environment:
#
#  SIGSEGV (0xb) at pc=0x00007fff9a5484dd, pid=18182, tid=2571
#
# JRE version: Java(TM) SE Runtime Environment (8.0_65-b17) (build 1.8.0_65-b17)
# Java VM: Java HotSpot(TM) 64-Bit Server VM (25.65-b01 mixed mode bsd-amd64 compressed oops)
# Problematic frame:
# C  [libobjc.A.dylib+0x14dd]  objc_msgSend+0x1d
#
# Failed to write core dump. Core dumps have been disabled. To enable core dumping, try "ulimit -c unlimited" before starting Java again
#
# If you would like to submit a bug report, please visit:
#   http://bugreport.java.com/bugreport/crash.jsp
# The crash happened outside the Java Virtual Machine in native code.
# See problematic frame for where to report the bug.
#

---------------  T H R E A D  ---------------

Current thread (0x00007feaac88c000):  JavaThread "AppKit Thread" daemon [_thread_in_native, id=2571, stack(0x00007fff547ba000,0x00007fff54fba000)]

siginfo: si_signo: 11 (SIGSEGV), si_code: 1 (SEGV_MAPERR), si_addr: 0x0000000000000018

Registers:
RAX=0x00007feaabf7e710, RBX=0x00007fff54fb4fc8, RCX=0x00007feaabe90d18, RDX=0x00007feaabc7b400
RSP=0x00007fff54fb4f88, RBP=0x00007fff54fb4f90, RSI=0x00007fff9671d84a, RDI=0x00007feaabf7e710
R8 =0x000000000000001f, R9 =0x00007feaabe63120, R10=0x00007fff9671d84a, R11=0x0000000000000000
R12=0x00007feaabc7b400, R13=0x00007feaabe63120, R14=0x00007feaabe90d10, R15=0x0000000000000000
RIP=0x00007fff9a5484dd, EFLAGS=0x0000000000010246, ERR=0x0000000000000004
  TRAPNO=0x000000000000000e

Top of Stack: (sp=0x00007fff54fb4f88)
0x00007fff54fb4f88:   00007fff9929dbbc 00007fff54fb4fb0
0x00007fff54fb4f98:   00007fff9929db4f 0000000000000000
0x00007fff54fb4fa8:   0000000000000000 00007fff54fb5020
0x00007fff54fb4fb8:   00007fff9929dac7 00007fff54fb4ff0
0x00007fff54fb4fc8:   00007fff7d8eb0a0 0000000042000000
0x00007fff54fb4fd8:   00007fff9929db10 00007fff7d1bc720
0x00007fff54fb4fe8:   00007feaabe63120 00007feaabc7b400
0x00007fff54fb4ff8:   00007fff54fb57c8 00007fff7d2e9780
0x00007fff54fb5008:   00007fff54fb57c8 00007feaabe63120
0x00007fff54fb5018:   00007fff9965d9e2 00007fff54fb5060
0x00007fff54fb5028:   00007fff9929d832 00007fff54fb5640
0x00007fff54fb5038:   0000000000000001 00007fff7d2e9780
0x00007fff54fb5048:   00007fff54fb57c8 00007fff9a5484c0
0x00007fff54fb5058:   00007fff9965d9e2 00007fff54fb5770
0x00007fff54fb5068:   00007fff9925a5e2 00007feaabe6dd60
0x00007fff54fb5078:   ffff8015541922a0 00007fff7d661d00
0x00007fff54fb5088:   00007feaabd140f0 00007feaac8050b8
0x00007fff54fb5098:   00007feaabf82a10 0000000000000000
0x00007fff54fb50a8:   0000000000000000 0000000000000000
0x00007fff54fb50b8:   00007feaabf837a0 00007fff7d1f9bc0
0x00007fff54fb50c8:   00007fff54fb5640 0000000000000002
0x00007fff54fb50d8:   0000000000000100 00007fff54fb5100
0x00007fff54fb50e8:   00007fff54fb5540 0000000000000000
0x00007fff54fb50f8:   0000000000000100 00007fff54fb5100
0x00007fff54fb5108:   00007fff7d2e9780 0000000000000000
0x00007fff54fb5118:   00007fff7d1bd500 00007fff7d2e9780
0x00007fff54fb5128:   0000000000000000 00007fff7d1bd500
0x00007fff54fb5138:   00007fff7d661d00 00007fff54fb51b0
0x00007fff54fb5148:   00007fff9a54f2a4 0000000000000000
0x00007fff54fb5158:   00007fff7d663b90 0000000100000000
0x00007fff54fb5168:   0000000000000000 ffff8015541c07f0
0x00007fff54fb5178:   00007feaabf77650 00007feaabf776a0 

Instructions: (pc=0x00007fff9a5484dd)
0x00007fff9a5484bd:   44 00 00 48 85 ff 2e 74 62 40 f6 c7 01 2e 75 66
0x00007fff9a5484cd:   49 bb f8 ff ff ff ff 7f 00 00 4c 23 1f 49 89 f2
0x00007fff9a5484dd:   45 23 53 18 49 c1 e2 04 4d 03 53 10 49 3b 32 75
0x00007fff9a5484ed:   04 41 ff 62 08 49 83 3a 01 76 0d 49 83 c2 10 49 

Register to memory mapping:

RAX=0x00007feaabf7e710 is an unknown value
RBX=0x00007fff54fb4fc8 is pointing into the stack for thread: 0x00007feaac88c000
RCX=0x00007feaabe90d18 is an unknown value
RDX=0x00007feaabc7b400 is an unknown value
RSP=0x00007fff54fb4f88 is pointing into the stack for thread: 0x00007feaac88c000
RBP=0x00007fff54fb4f90 is pointing into the stack for thread: 0x00007feaac88c000
RSI=0x00007fff9671d84a: -[NSTitlebarContainerView transparent]+0x63088 in /System/Library/Frameworks/AppKit.framework/Versions/C/AppKit at 0x00007fff95c90000
RDI=0x00007feaabf7e710 is an unknown value
R8 =0x000000000000001f is an unknown value
R9 =0x00007feaabe63120 is an unknown value
R10=0x00007fff9671d84a: -[NSTitlebarContainerView transparent]+0x63088 in /System/Library/Frameworks/AppKit.framework/Versions/C/AppKit at 0x00007fff95c90000
R11=0x0000000000000000 is an unknown value
R12=0x00007feaabc7b400 is an unknown value
R13=0x00007feaabe63120 is an unknown value
R14=0x00007feaabe90d10 is an unknown value
R15=0x0000000000000000 is an unknown value


Stack: [0x00007fff547ba000,0x00007fff54fba000],  sp=0x00007fff54fb4f88,  free space=8171k
Native frames: (J=compiled Java code, j=interpreted, Vv=VM code, C=native code)
C  [libobjc.A.dylib+0x14dd]  objc_msgSend+0x1d
C  [CoreFoundation+0xa0b4f]  ___CFXRegistrationPost_block_invoke+0x3f
C  [CoreFoundation+0xa0ac7]  _CFXRegistrationPost+0x197
C  [CoreFoundation+0xa0832]  ___CFXNotificationPost_block_invoke+0x32
C  [CoreFoundation+0x5d5e2]  -[_CFXNotificationRegistrar find:object:observer:enumerator:]+0x782
C  [CoreFoundation+0x5c835]  _CFXNotificationPost+0x2b5
C  [Foundation+0x717a]  -[NSNotificationCenter postNotificationName:object:userInfo:]+0x42
C  [AppKit+0x26526e]  -[NSSurface _disposeSurface]+0xa9
C  [AppKit+0x264cc7]  -[NSSurface setWindow:]+0x42
C  [AppKit+0x28ba7]  -[NSView _setWindow:]+0x9be
C  [AppKit+0x2b993]  -[NSView removeFromSuperview]+0x1d7
C  [AppKit+0x155c7b]  -[NSView removeFromSuperviewWithoutNeedingDisplay]+0x26
C  [liblwjgl.dylib+0xa205]  +[MacOSXKeyableWindow destroyWindow]+0xb5
C  [Foundation+0x76fde]  __NSThreadPerformPerform+0x117
C  [CoreFoundation+0xaa881]  __CFRUNLOOP_IS_CALLING_OUT_TO_A_SOURCE0_PERFORM_FUNCTION__+0x11
C  [CoreFoundation+0x89fbc]  __CFRunLoopDoSources0+0x22c
C  [CoreFoundation+0x894df]  __CFRunLoopRun+0x39f
C  [CoreFoundation+0x88ed8]  CFRunLoopRunSpecific+0x128
C  [HIToolbox+0x30935]  RunCurrentEventLoopInMode+0xeb
C  [HIToolbox+0x3076f]  ReceiveNextEventCommon+0x1b0
C  [HIToolbox+0x305af]  _BlockUntilNextEventMatchingListInModeWithFilter+0x47
C  [AppKit+0x48df6]  _DPSNextEvent+0x42b
C  [AppKit+0x48226]  -[NSApplication _nextEventMatchingEventMask:untilDate:inMode:dequeue:]+0x1c6
C  [libosxapp.dylib+0x23aa]  -[NSApplicationAWT nextEventMatchingMask:untilDate:inMode:dequeue:]+0x7c
C  [AppKit+0x3cd80]  -[NSApplication run]+0x2aa
C  [libosxapp.dylib+0x214d]  +[NSApplicationAWT runAWTLoopWithApp:]+0x9c
C  [libawt_lwawt.dylib+0x44517]  -[AWTStarter starter:]+0x389
C  [Foundation+0x76fde]  __NSThreadPerformPerform+0x117
C  [CoreFoundation+0xaa881]  __CFRUNLOOP_IS_CALLING_OUT_TO_A_SOURCE0_PERFORM_FUNCTION__+0x11
C  [CoreFoundation+0x89fbc]  __CFRunLoopDoSources0+0x22c
C  [CoreFoundation+0x894df]  __CFRunLoopRun+0x39f
C  [CoreFoundation+0x88ed8]  CFRunLoopRunSpecific+0x128
C  [java+0x6463]  CreateExecutionEnvironment+0x367
C  [java+0x21ac]  JLI_Launch+0x7a0
C  [java+0x84c0]  main+0x65
C  [java+0x1a04]  start+0x34
C  0x0000000000000006


---------------  P R O C E S S  ---------------

Java Threads: ( => current thread )
  0x00007feaad13b000 JavaThread "Java2D Queue Flusher" daemon [_thread_blocked, id=59143, stack(0x0000700001a71000,0x0000700001b71000)]
  0x00007feaaea52000 JavaThread "Java2D Disposer" daemon [_thread_blocked, id=57351, stack(0x000070000196e000,0x0000700001a6e000)]
  0x00007feaad0c5000 JavaThread "AWT-Shutdown" [_thread_blocked, id=31763, stack(0x000070000165f000,0x000070000175f000)]
=>0x00007feaac88c000 JavaThread "AppKit Thread" daemon [_thread_in_native, id=2571, stack(0x00007fff547ba000,0x00007fff54fba000)]
  0x00007feaac82c000 JavaThread "Service Thread" daemon [_thread_blocked, id=20995, stack(0x00007000012d0000,0x00007000013d0000)]
  0x00007feaac819000 JavaThread "C1 CompilerThread3" daemon [_thread_blocked, id=20483, stack(0x00007000011cd000,0x00007000012cd000)]
  0x00007feaac810800 JavaThread "C2 CompilerThread2" daemon [_thread_blocked, id=19971, stack(0x00007000010ca000,0x00007000011ca000)]
  0x00007feaae820000 JavaThread "C2 CompilerThread1" daemon [_thread_blocked, id=19459, stack(0x0000700000fc7000,0x00007000010c7000)]
  0x00007feaac03a000 JavaThread "C2 CompilerThread0" daemon [_thread_in_native, id=18947, stack(0x0000700000ec4000,0x0000700000fc4000)]
  0x00007feaac036800 JavaThread "Signal Dispatcher" daemon [_thread_blocked, id=15119, stack(0x0000700000dc1000,0x0000700000ec1000)]
  0x00007feaac034000 JavaThread "Finalizer" daemon [_thread_blocked, id=14339, stack(0x0000700000c3b000,0x0000700000d3b000)]
  0x00007feaac033000 JavaThread "Reference Handler" daemon [_thread_blocked, id=13827, stack(0x0000700000b38000,0x0000700000c38000)]
  0x00007feaae801800 JavaThread "main" [_thread_in_native, id=5891, stack(0x000070000011a000,0x000070000021a000)]

Other Threads:
  0x00007feaac030800 VMThread [stack: 0x0000700000a35000,0x0000700000b35000] [id=13315]
  0x00007feaae820800 WatcherThread [stack: 0x00007000013d3000,0x00007000014d3000] [id=21507]

VM state:not at safepoint (normal execution)

VM Mutex/Monitor currently owned by a thread: None

Heap:
 PSYoungGen      total 76288K, used 17471K [0x000000076ab00000, 0x0000000770000000, 0x00000007c0000000)
  eden space 65536K, 26% used [0x000000076ab00000,0x000000076bc0feb8,0x000000076eb00000)
  from space 10752K, 0% used [0x000000076f580000,0x000000076f580000,0x0000000770000000)
  to   space 10752K, 0% used [0x000000076eb00000,0x000000076eb00000,0x000000076f580000)
 ParOldGen       total 175104K, used 0K [0x00000006c0000000, 0x00000006cab00000, 0x000000076ab00000)
  object space 175104K, 0% used [0x00000006c0000000,0x00000006c0000000,0x00000006cab00000)
 Metaspace       used 11025K, capacity 11189K, committed 11264K, reserved 1058816K
  class space    used 1175K, capacity 1245K, committed 1280K, reserved 1048576K

Card table byte_map: [0x000000011c349000,0x000000011cb4a000] byte_map_base: 0x0000000118d49000

Marking Bits: (ParMarkBitMap*) 0x000000010c8dee20
 Begin Bits: [0x000000011d0a0000, 0x00000001210a0000)
 End Bits:   [0x00000001210a0000, 0x00000001250a0000)

Polling page: 0x000000010af09000

CodeCache: size=245760Kb used=3572Kb max_used=3582Kb free=242187Kb
 bounds [0x000000010cf89000, 0x000000010d319000, 0x000000011bf89000]
 total_blobs=1399 nmethods=870 adapters=443
 compilation: enabled

Compilation events (10 events):
Event: 2.183 Thread 0x00007feaae820000 nmethod 866 0x000000010d2a3b10 code [0x000000010d2a3c60, 0x000000010d2a3cf8]
Event: 2.206 Thread 0x00007feaac03a000  867       4       java.util.HashMap$HashIterator::<init> (79 bytes)
Event: 2.210 Thread 0x00007feaac03a000 nmethod 867 0x000000010d307f90 code [0x000000010d3080e0, 0x000000010d3083d8]
Event: 2.587 Thread 0x00007feaac810800  868       4       org.newdawn.slick.tiled.TiledMap::render (130 bytes)
Event: 2.590 Thread 0x00007feaac810800 nmethod 868 0x000000010d307790 code [0x000000010d307900, 0x000000010d307bf8]
Event: 2.618 Thread 0x00007feaae820000  869       4       java.nio.DirectIntBufferU::get (16 bytes)
Event: 2.619 Thread 0x00007feaae820000 nmethod 869 0x000000010d3074d0 code [0x000000010d307620, 0x000000010d3076d8]
Event: 2.739 Thread 0x00007feaac819000  870       3       java.nio.HeapByteBuffer::_put (8 bytes)
Event: 2.739 Thread 0x00007feaac819000 nmethod 870 0x000000010d307110 code [0x000000010d307280, 0x000000010d3073f0]
Event: 3.039 Thread 0x00007feaac03a000  871   !   4       sun.misc.URLClassPath$JarLoader::getResource (85 bytes)

GC Heap History (0 events):
No events

Deoptimization events (2 events):
Event: 0.301 Thread 0x00007feaae801800 Uncommon trap: reason=unstable_if action=reinterpret pc=0x000000010d12df9c method=java.lang.String.replace(CC)Ljava/lang/String; @ 26
Event: 0.504 Thread 0x00007feaae801800 Uncommon trap: reason=unstable_if action=reinterpret pc=0x000000010d12af6c method=java.lang.String.indexOf([CII[CIII)I @ 3

Internal exceptions (10 events):
Event: 0.137 Thread 0x00007feaae801800 Exception <a 'java/lang/NoSuchFieldError': method resolution failed> (0x000000076b06f248) thrown at [/Users/java_re/workspace/8-2-build-macosx-x86_64/jdk8u65/4987/hotspot/src/share/vm/prims/methodHandles.cpp, line 1146]
Event: 0.279 Thread 0x00007feaae801800 Exception <a 'java/io/FileNotFoundException'> (0x000000076b0ea518) thrown at [/Users/java_re/workspace/8-2-build-macosx-x86_64/jdk8u65/4987/hotspot/src/share/vm/prims/jni.cpp, line 709]
Event: 0.279 Thread 0x00007feaae801800 Exception <a 'java/io/FileNotFoundException'> (0x000000076b0eb088) thrown at [/Users/java_re/workspace/8-2-build-macosx-x86_64/jdk8u65/4987/hotspot/src/share/vm/prims/jni.cpp, line 709]
Event: 0.467 Thread 0x00007feaae801800 Exception <a 'java/lang/NoClassDefFoundError': net/java/games/input/ControllerEnvironment> (0x000000076b687fc8) thrown at [/Users/java_re/workspace/8-2-build-macosx-x86_64/jdk8u65/4987/hotspot/src/share/vm/classfile/systemDictionary.cpp, line 199]
Event: 0.587 Thread 0x00007feaae801800 Exception <a 'java/security/PrivilegedActionException'> (0x000000076ba08078) thrown at [/Users/java_re/workspace/8-2-build-macosx-x86_64/jdk8u65/4987/hotspot/src/share/vm/prims/jvm.cpp, line 1386]
Event: 0.587 Thread 0x00007feaae801800 Exception <a 'java/security/PrivilegedActionException'> (0x000000076ba09c60) thrown at [/Users/java_re/workspace/8-2-build-macosx-x86_64/jdk8u65/4987/hotspot/src/share/vm/prims/jvm.cpp, line 1386]
Event: 0.587 Thread 0x00007feaae801800 Exception <a 'java/security/PrivilegedActionException'> (0x000000076ba0ad80) thrown at [/Users/java_re/workspace/8-2-build-macosx-x86_64/jdk8u65/4987/hotspot/src/share/vm/prims/jvm.cpp, line 1386]
Event: 0.587 Thread 0x00007feaae801800 Exception <a 'java/security/PrivilegedActionException'> (0x000000076ba0fea0) thrown at [/Users/java_re/workspace/8-2-build-macosx-x86_64/jdk8u65/4987/hotspot/src/share/vm/prims/jvm.cpp, line 1386]
Event: 0.587 Thread 0x00007feaae801800 Exception <a 'java/security/PrivilegedActionException'> (0x000000076ba10af8) thrown at [/Users/java_re/workspace/8-2-build-macosx-x86_64/jdk8u65/4987/hotspot/src/share/vm/prims/jvm.cpp, line 1386]
Event: 0.587 Thread 0x00007feaae801800 Exception <a 'java/security/PrivilegedActionException'> (0x000000076ba11720) thrown at [/Users/java_re/workspace/8-2-build-macosx-x86_64/jdk8u65/4987/hotspot/src/share/vm/prims/jvm.cpp, line 1386]

Events (10 events):
Event: 0.673 loading class com/austindorff/programs/games/imagetiles/buttons/nextpuzzlemenu/NextPuzzleButton
Event: 0.673 loading class com/austindorff/programs/games/imagetiles/buttons/nextpuzzlemenu/NextPuzzleButton done
Event: 0.683 loading class com/austindorff/programs/games/imagetiles/buttons/scrollButtons/ScrollButtonDown
Event: 0.683 loading class com/austindorff/programs/games/imagetiles/buttons/scrollButtons/ScrollButtonDown done
Event: 0.684 loading class com/austindorff/programs/games/imagetiles/buttons/scrollButtons/ScrollButtonUp
Event: 0.684 loading class com/austindorff/programs/games/imagetiles/buttons/scrollButtons/ScrollButtonUp done
Event: 0.693 loading class org/newdawn/slick/AngelCodeFont$DisplayList
Event: 0.693 loading class org/newdawn/slick/AngelCodeFont$DisplayList done
Event: 3.039 loading class org/lwjgl/opengl/CallbackUtil
Event: 3.039 loading class org/lwjgl/opengl/CallbackUtil done


Dynamic libraries:
0x0000000009ce8000 	/System/Library/Frameworks/Cocoa.framework/Versions/A/Cocoa
0x0000000009ce8000 	/System/Library/Frameworks/Security.framework/Versions/A/Security
0x0000000009ce8000 	/System/Library/Frameworks/ApplicationServices.framework/Versions/A/ApplicationServices
0x0000000009ce8000 	/usr/lib/libz.1.dylib
0x0000000009ce8000 	/usr/lib/libSystem.B.dylib
0x0000000009ce8000 	/usr/lib/libobjc.A.dylib
0x0000000009ce8000 	/System/Library/Frameworks/CoreFoundation.framework/Versions/A/CoreFoundation
0x0000000009ce8000 	/System/Library/Frameworks/Foundation.framework/Versions/C/Foundation
0x0000000009ce8000 	/System/Library/Frameworks/AppKit.framework/Versions/C/AppKit
0x0000000009ce8000 	/System/Library/Frameworks/CoreData.framework/Versions/A/CoreData
0x0000000009ce8000 	/System/Library/PrivateFrameworks/RemoteViewServices.framework/Versions/A/RemoteViewServices
0x0000000009ce8000 	/System/Library/PrivateFrameworks/UIFoundation.framework/Versions/A/UIFoundation
0x0000000009ce8000 	/usr/lib/libScreenReader.dylib
0x0000000009ce8000 	/System/Library/Frameworks/Accelerate.framework/Versions/A/Accelerate
0x0000000009ce8000 	/System/Library/Frameworks/IOSurface.framework/Versions/A/IOSurface
0x0000000009ce8000 	/System/Library/Frameworks/AudioToolbox.framework/Versions/A/AudioToolbox
0x0000000009ce8000 	/System/Library/Frameworks/AudioUnit.framework/Versions/A/AudioUnit
0x0000000009ce8000 	/System/Library/PrivateFrameworks/DataDetectorsCore.framework/Versions/A/DataDetectorsCore
0x0000000009ce8000 	/System/Library/PrivateFrameworks/DesktopServicesPriv.framework/Versions/A/DesktopServicesPriv
0x0000000009ce8000 	/System/Library/Frameworks/Carbon.framework/Versions/A/Frameworks/HIToolbox.framework/Versions/A/HIToolbox
0x0000000009ce8000 	/System/Library/Frameworks/QuartzCore.framework/Versions/A/QuartzCore
0x0000000009ce8000 	/System/Library/Frameworks/Carbon.framework/Versions/A/Frameworks/SpeechRecognition.framework/Versions/A/SpeechRecognition
0x0000000009ce8000 	/usr/lib/libauto.dylib
0x0000000009ce8000 	/usr/lib/libicucore.A.dylib
0x0000000009ce8000 	/usr/lib/libxml2.2.dylib
0x0000000009ce8000 	/System/Library/PrivateFrameworks/CoreUI.framework/Versions/A/CoreUI
0x0000000009ce8000 	/System/Library/Frameworks/CoreAudio.framework/Versions/A/CoreAudio
0x0000000009ce8000 	/System/Library/Frameworks/DiskArbitration.framework/Versions/A/DiskArbitration
0x0000000009ce8000 	/usr/lib/liblangid.dylib
0x0000000009ce8000 	/System/Library/PrivateFrameworks/MultitouchSupport.framework/Versions/A/MultitouchSupport
0x0000000009ce8000 	/System/Library/Frameworks/IOKit.framework/Versions/A/IOKit
0x0000000009ce8000 	/usr/lib/libDiagnosticMessagesClient.dylib
0x0000000009ce8000 	/System/Library/Frameworks/CoreServices.framework/Versions/A/CoreServices
0x0000000009ce8000 	/System/Library/PrivateFrameworks/PerformanceAnalysis.framework/Versions/A/PerformanceAnalysis
0x0000000009ce8000 	/System/Library/PrivateFrameworks/GenerationalStorage.framework/Versions/A/GenerationalStorage
0x0000000009ce8000 	/System/Library/Frameworks/OpenGL.framework/Versions/A/OpenGL
0x0000000009ce8000 	/System/Library/PrivateFrameworks/Sharing.framework/Versions/A/Sharing
0x0000000009ce8000 	/System/Library/Frameworks/CoreGraphics.framework/Versions/A/CoreGraphics
0x0000000009ce8000 	/System/Library/Frameworks/CoreImage.framework/Versions/A/CoreImage
0x0000000009ce8000 	/System/Library/Frameworks/CoreText.framework/Versions/A/CoreText
0x0000000009ce8000 	/System/Library/Frameworks/ImageIO.framework/Versions/A/ImageIO
0x0000000009ce8000 	/System/Library/PrivateFrameworks/Backup.framework/Versions/A/Backup
0x0000000009ce8000 	/usr/lib/libextension.dylib
0x0000000009ce8000 	/usr/lib/libarchive.2.dylib
0x0000000009ce8000 	/System/Library/Frameworks/CFNetwork.framework/Versions/A/CFNetwork
0x0000000009ce8000 	/System/Library/Frameworks/SystemConfiguration.framework/Versions/A/SystemConfiguration
0x0000000009ce8000 	/usr/lib/libCRFSuite.dylib
0x0000000009ce8000 	/usr/lib/libc++.1.dylib
0x0000000009ce8000 	/usr/lib/libc++abi.dylib
0x0000000009ce8000 	/usr/lib/system/libcache.dylib
0x0000000009ce8000 	/usr/lib/system/libcommonCrypto.dylib
0x0000000009ce8000 	/usr/lib/system/libcompiler_rt.dylib
0x0000000009ce8000 	/usr/lib/system/libcopyfile.dylib
0x0000000009ce8000 	/usr/lib/system/libcorecrypto.dylib
0x0000000009ce8000 	/usr/lib/system/libdispatch.dylib
0x0000000009ce8000 	/usr/lib/system/libdyld.dylib
0x0000000009ce8000 	/usr/lib/system/libkeymgr.dylib
0x0000000009ce8000 	/usr/lib/system/liblaunch.dylib
0x0000000009ce8000 	/usr/lib/system/libmacho.dylib
0x0000000009ce8000 	/usr/lib/system/libquarantine.dylib
0x0000000009ce8000 	/usr/lib/system/libremovefile.dylib
0x0000000009ce8000 	/usr/lib/system/libsystem_asl.dylib
0x0000000009ce8000 	/usr/lib/system/libsystem_blocks.dylib
0x0000000009ce8000 	/usr/lib/system/libsystem_c.dylib
0x0000000009ce8000 	/usr/lib/system/libsystem_configuration.dylib
0x0000000009ce8000 	/usr/lib/system/libsystem_coreservices.dylib
0x0000000009ce8000 	/usr/lib/system/libsystem_coretls.dylib
0x0000000009ce8000 	/usr/lib/system/libsystem_dnssd.dylib
0x0000000009ce8000 	/usr/lib/system/libsystem_info.dylib
0x0000000009ce8000 	/usr/lib/system/libsystem_kernel.dylib
0x0000000009ce8000 	/usr/lib/system/libsystem_m.dylib
0x0000000009ce8000 	/usr/lib/system/libsystem_malloc.dylib
0x0000000009ce8000 	/usr/lib/system/libsystem_network.dylib
0x0000000009ce8000 	/usr/lib/system/libsystem_networkextension.dylib
0x0000000009ce8000 	/usr/lib/system/libsystem_notify.dylib
0x0000000009ce8000 	/usr/lib/system/libsystem_platform.dylib
0x0000000009ce8000 	/usr/lib/system/libsystem_pthread.dylib
0x0000000009ce8000 	/usr/lib/system/libsystem_sandbox.dylib
0x0000000009ce8000 	/usr/lib/system/libsystem_secinit.dylib
0x0000000009ce8000 	/usr/lib/system/libsystem_trace.dylib
0x0000000009ce8000 	/usr/lib/system/libunc.dylib
0x0000000009ce8000 	/usr/lib/system/libunwind.dylib
0x0000000009ce8000 	/usr/lib/system/libxpc.dylib
0x0000000009ce8000 	/usr/lib/libenergytrace.dylib
0x0000000009ce8000 	/usr/lib/libbsm.0.dylib
0x0000000009ce8000 	/usr/lib/system/libkxld.dylib
0x0000000009ce8000 	/usr/lib/libxar.1.dylib
0x0000000009ce8000 	/usr/lib/libsqlite3.dylib
0x0000000009ce8000 	/usr/lib/libpam.2.dylib
0x0000000009ce8000 	/usr/lib/libOpenScriptingUtil.dylib
0x0000000009ce8000 	/usr/lib/libbz2.1.0.dylib
0x0000000009ce8000 	/usr/lib/liblzma.5.dylib
0x0000000009ce8000 	/System/Library/Frameworks/CoreServices.framework/Versions/A/Frameworks/FSEvents.framework/Versions/A/FSEvents
0x0000000009ce8000 	/System/Library/Frameworks/CoreServices.framework/Versions/A/Frameworks/CarbonCore.framework/Versions/A/CarbonCore
0x0000000009ce8000 	/System/Library/Frameworks/CoreServices.framework/Versions/A/Frameworks/Metadata.framework/Versions/A/Metadata
0x0000000009ce8000 	/System/Library/Frameworks/CoreServices.framework/Versions/A/Frameworks/OSServices.framework/Versions/A/OSServices
0x0000000009ce8000 	/System/Library/Frameworks/CoreServices.framework/Versions/A/Frameworks/SearchKit.framework/Versions/A/SearchKit
0x0000000009ce8000 	/System/Library/Frameworks/CoreServices.framework/Versions/A/Frameworks/AE.framework/Versions/A/AE
0x0000000009ce8000 	/System/Library/Frameworks/CoreServices.framework/Versions/A/Frameworks/LaunchServices.framework/Versions/A/LaunchServices
0x0000000009ce8000 	/System/Library/Frameworks/CoreServices.framework/Versions/A/Frameworks/DictionaryServices.framework/Versions/A/DictionaryServices
0x0000000009ce8000 	/System/Library/Frameworks/CoreServices.framework/Versions/A/Frameworks/SharedFileList.framework/Versions/A/SharedFileList
0x0000000009ce8000 	/System/Library/Frameworks/NetFS.framework/Versions/A/NetFS
0x0000000009ce8000 	/System/Library/PrivateFrameworks/NetAuth.framework/Versions/A/NetAuth
0x0000000009ce8000 	/System/Library/PrivateFrameworks/login.framework/Versions/A/Frameworks/loginsupport.framework/Versions/A/loginsupport
0x0000000009ce8000 	/System/Library/PrivateFrameworks/TCC.framework/Versions/A/TCC
0x0000000009ce8000 	/usr/lib/libmecabra.dylib
0x0000000009ce8000 	/System/Library/Frameworks/ApplicationServices.framework/Versions/A/Frameworks/ATS.framework/Versions/A/ATS
0x0000000009ce8000 	/System/Library/Frameworks/ApplicationServices.framework/Versions/A/Frameworks/ColorSync.framework/Versions/A/ColorSync
0x0000000009ce8000 	/System/Library/Frameworks/ApplicationServices.framework/Versions/A/Frameworks/HIServices.framework/Versions/A/HIServices
0x0000000009ce8000 	/System/Library/Frameworks/ApplicationServices.framework/Versions/A/Frameworks/LangAnalysis.framework/Versions/A/LangAnalysis
0x0000000009ce8000 	/System/Library/Frameworks/ApplicationServices.framework/Versions/A/Frameworks/PrintCore.framework/Versions/A/PrintCore
0x0000000009ce8000 	/System/Library/Frameworks/ApplicationServices.framework/Versions/A/Frameworks/QD.framework/Versions/A/QD
0x0000000009ce8000 	/System/Library/Frameworks/ApplicationServices.framework/Versions/A/Frameworks/SpeechSynthesis.framework/Versions/A/SpeechSynthesis
0x0000000009ce8000 	/System/Library/Frameworks/Metal.framework/Versions/A/Metal
0x0000000009ce8000 	/System/Library/Frameworks/Accelerate.framework/Versions/A/Frameworks/vImage.framework/Versions/A/vImage
0x0000000009ce8000 	/System/Library/Frameworks/Accelerate.framework/Versions/A/Frameworks/vecLib.framework/Versions/A/vecLib
0x0000000009ce8000 	/System/Library/Frameworks/Accelerate.framework/Versions/A/Frameworks/vecLib.framework/Versions/A/libvDSP.dylib
0x0000000009ce8000 	/System/Library/Frameworks/Accelerate.framework/Versions/A/Frameworks/vecLib.framework/Versions/A/libvMisc.dylib
0x0000000009ce8000 	/System/Library/Frameworks/Accelerate.framework/Versions/A/Frameworks/vecLib.framework/Versions/A/libLAPACK.dylib
0x0000000009ce8000 	/System/Library/Frameworks/Accelerate.framework/Versions/A/Frameworks/vecLib.framework/Versions/A/libBLAS.dylib
0x0000000009ce8000 	/System/Library/Frameworks/Accelerate.framework/Versions/A/Frameworks/vecLib.framework/Versions/A/libLinearAlgebra.dylib
0x0000000009ce8000 	/System/Library/Frameworks/Accelerate.framework/Versions/A/Frameworks/vecLib.framework/Versions/A/libSparseBLAS.dylib
0x0000000009ce8000 	/System/Library/PrivateFrameworks/GPUCompiler.framework/libmetal_timestamp.dylib
0x0000000009ce8000 	/System/Library/Frameworks/OpenGL.framework/Versions/A/Libraries/libCoreFSCache.dylib
0x0000000009ce8000 	/System/Library/PrivateFrameworks/IOAccelerator.framework/Versions/A/IOAccelerator
0x0000000009ce8000 	/System/Library/Frameworks/ApplicationServices.framework/Versions/A/Frameworks/ATS.framework/Versions/A/Resources/libFontParser.dylib
0x0000000009ce8000 	/System/Library/Frameworks/ApplicationServices.framework/Versions/A/Frameworks/ATS.framework/Versions/A/Resources/libFontRegistry.dylib
0x0000000009ce8000 	/System/Library/PrivateFrameworks/AppleVPA.framework/Versions/A/AppleVPA
0x0000000009ce8000 	/System/Library/PrivateFrameworks/AppleJPEG.framework/Versions/A/AppleJPEG
0x0000000009ce8000 	/System/Library/Frameworks/ImageIO.framework/Versions/A/Resources/libJPEG.dylib
0x0000000009ce8000 	/System/Library/Frameworks/ImageIO.framework/Versions/A/Resources/libTIFF.dylib
0x0000000009ce8000 	/System/Library/Frameworks/ImageIO.framework/Versions/A/Resources/libPng.dylib
0x0000000009ce8000 	/System/Library/Frameworks/ImageIO.framework/Versions/A/Resources/libGIF.dylib
0x0000000009ce8000 	/System/Library/Frameworks/ImageIO.framework/Versions/A/Resources/libJP2.dylib
0x0000000009ce8000 	/System/Library/Frameworks/ImageIO.framework/Versions/A/Resources/libRadiance.dylib
0x0000000009ce8000 	/System/Library/Frameworks/CoreVideo.framework/Versions/A/CoreVideo
0x0000000009ce8000 	/System/Library/Frameworks/OpenGL.framework/Versions/A/Libraries/libGLU.dylib
0x0000000009ce8000 	/System/Library/Frameworks/OpenGL.framework/Versions/A/Libraries/libGFXShared.dylib
0x0000000009ce8000 	/System/Library/Frameworks/OpenGL.framework/Versions/A/Libraries/libGL.dylib
0x0000000009ce8000 	/System/Library/Frameworks/OpenGL.framework/Versions/A/Libraries/libGLImage.dylib
0x0000000009ce8000 	/System/Library/Frameworks/OpenGL.framework/Versions/A/Libraries/libCVMSPluginSupport.dylib
0x0000000009ce8000 	/System/Library/Frameworks/OpenGL.framework/Versions/A/Libraries/libCoreVMClient.dylib
0x0000000009ce8000 	/usr/lib/libcompression.dylib
0x0000000009ce8000 	/usr/lib/libcups.2.dylib
0x0000000009ce8000 	/System/Library/Frameworks/Kerberos.framework/Versions/A/Kerberos
0x0000000009ce8000 	/System/Library/Frameworks/GSS.framework/Versions/A/GSS
0x0000000009ce8000 	/usr/lib/libresolv.9.dylib
0x0000000009ce8000 	/usr/lib/libiconv.2.dylib
0x0000000009ce8000 	/System/Library/PrivateFrameworks/Heimdal.framework/Versions/A/Heimdal
0x0000000009ce8000 	/usr/lib/libheimdal-asn1.dylib
0x0000000009ce8000 	/System/Library/Frameworks/OpenDirectory.framework/Versions/A/OpenDirectory
0x0000000009ce8000 	/System/Library/PrivateFrameworks/CommonAuth.framework/Versions/A/CommonAuth
0x0000000009ce8000 	/System/Library/Frameworks/OpenDirectory.framework/Versions/A/Frameworks/CFOpenDirectory.framework/Versions/A/CFOpenDirectory
0x0000000009ce8000 	/System/Library/Frameworks/SecurityFoundation.framework/Versions/A/SecurityFoundation
0x0000000009ce8000 	/System/Library/PrivateFrameworks/LanguageModeling.framework/Versions/A/LanguageModeling
0x0000000009ce8000 	/usr/lib/libmarisa.dylib
0x0000000009ce8000 	/usr/lib/libChineseTokenizer.dylib
0x0000000009ce8000 	/usr/lib/libcmph.dylib
0x0000000009ce8000 	/System/Library/Frameworks/ServiceManagement.framework/Versions/A/ServiceManagement
0x0000000009ce8000 	/usr/lib/libxslt.1.dylib
0x0000000009ce8000 	/System/Library/Frameworks/Carbon.framework/Versions/A/Frameworks/Ink.framework/Versions/A/Ink
0x0000000009ce8000 	/usr/lib/libFosl_dynamic.dylib
0x0000000009ce8000 	/System/Library/PrivateFrameworks/FaceCore.framework/Versions/A/FaceCore
0x0000000009ce8000 	/System/Library/Frameworks/OpenCL.framework/Versions/A/OpenCL
0x0000000009ce8000 	/System/Library/PrivateFrameworks/CrashReporterSupport.framework/Versions/A/CrashReporterSupport
0x0000000009ce8000 	/System/Library/PrivateFrameworks/IconServices.framework/Versions/A/IconServices
0x0000000009ce8000 	/System/Library/PrivateFrameworks/Apple80211.framework/Versions/A/Apple80211
0x0000000009ce8000 	/System/Library/Frameworks/CoreWLAN.framework/Versions/A/CoreWLAN
0x0000000009ce8000 	/System/Library/Frameworks/IOBluetooth.framework/Versions/A/IOBluetooth
0x0000000009ce8000 	/System/Library/PrivateFrameworks/CoreWiFi.framework/Versions/A/CoreWiFi
0x0000000009ce8000 	/System/Library/Frameworks/CoreBluetooth.framework/Versions/A/CoreBluetooth
0x0000000009ce8000 	/System/Library/PrivateFrameworks/ChunkingLibrary.framework/Versions/A/ChunkingLibrary
0x0000000009ce8000 	/System/Library/PrivateFrameworks/DebugSymbols.framework/Versions/A/DebugSymbols
0x0000000009ce8000 	/System/Library/PrivateFrameworks/CoreSymbolication.framework/Versions/A/CoreSymbolication
0x0000000009ce8000 	/System/Library/PrivateFrameworks/Symbolication.framework/Versions/A/Symbolication
0x0000000009ce8000 	/System/Library/PrivateFrameworks/SpeechRecognitionCore.framework/Versions/A/SpeechRecognitionCore
0x000000010c000000 	/Library/Java/JavaVirtualMachines/jdk1.8.0_65.jdk/Contents/Home/jre/lib/server/libjvm.dylib
0x0000000009ce8000 	/usr/lib/libstdc++.6.dylib
0x000000010aec6000 	/Library/Java/JavaVirtualMachines/jdk1.8.0_65.jdk/Contents/Home/jre/lib/libverify.dylib
0x000000010aed4000 	/Library/Java/JavaVirtualMachines/jdk1.8.0_65.jdk/Contents/Home/jre/lib/libjava.dylib
0x000000010af13000 	/Library/Java/JavaVirtualMachines/jdk1.8.0_65.jdk/Contents/Home/jre/lib/libzip.dylib
0x0000000127f6b000 	/System/Library/Frameworks/JavaVM.framework/Frameworks/JavaRuntimeSupport.framework/JavaRuntimeSupport
0x0000000127f86000 	/System/Library/Frameworks/JavaVM.framework/Versions/A/Frameworks/JavaNativeFoundation.framework/Versions/A/JavaNativeFoundation
0x000000010aff0000 	/System/Library/Frameworks/JavaVM.framework/Versions/A/JavaVM
0x0000000009ce8000 	/System/Library/Frameworks/Carbon.framework/Versions/A/Carbon
0x0000000127f9b000 	/System/Library/PrivateFrameworks/JavaLaunching.framework/Versions/A/JavaLaunching
0x0000000009ce8000 	/System/Library/Frameworks/Carbon.framework/Versions/A/Frameworks/CommonPanels.framework/Versions/A/CommonPanels
0x0000000009ce8000 	/System/Library/Frameworks/Carbon.framework/Versions/A/Frameworks/Help.framework/Versions/A/Help
0x0000000009ce8000 	/System/Library/Frameworks/Carbon.framework/Versions/A/Frameworks/ImageCapture.framework/Versions/A/ImageCapture
0x0000000009ce8000 	/System/Library/Frameworks/Carbon.framework/Versions/A/Frameworks/OpenScripting.framework/Versions/A/OpenScripting
0x0000000009ce8000 	/System/Library/Frameworks/Carbon.framework/Versions/A/Frameworks/Print.framework/Versions/A/Print
0x0000000009ce8000 	/System/Library/Frameworks/Carbon.framework/Versions/A/Frameworks/SecurityHI.framework/Versions/A/SecurityHI
0x0000000129912000 	/Library/Java/JavaVirtualMachines/jdk1.8.0_65.jdk/Contents/Home/jre/lib/libawt.dylib
0x00000001299ba000 	/Library/Java/JavaVirtualMachines/jdk1.8.0_65.jdk/Contents/Home/jre/lib/./libmlib_image.dylib
0x0000000129a86000 	/Library/Java/JavaVirtualMachines/jdk1.8.0_65.jdk/Contents/Home/jre/lib/libawt_lwawt.dylib
0x0000000129b3b000 	/Library/Java/JavaVirtualMachines/jdk1.8.0_65.jdk/Contents/Home/jre/lib/./libosxapp.dylib
0x0000000009ce8000 	/System/Library/Frameworks/ExceptionHandling.framework/Versions/A/ExceptionHandling
0x0000000009ce8000 	/System/Library/PrivateFrameworks/CoreServicesInternal.framework/Versions/A/CoreServicesInternal
0x0000000009ce8000 	/System/Library/Frameworks/CoreGraphics.framework/Versions/A/Resources/libRIP.A.dylib
0x0000000009ce8000 	/System/Library/Frameworks/Accelerate.framework/Versions/A/Frameworks/vImage.framework/Versions/A/Libraries/libCGInterfaces.dylib
0x0000000009ce8000 	/System/Library/Frameworks/CoreGraphics.framework/Versions/A/Resources/libCGXType.A.dylib
0x0000000009ce8000 	/System/Library/Frameworks/OpenCL.framework/Versions/A/Libraries/libcldcpuengine.dylib
0x0000000009ce8000 	/System/Library/PrivateFrameworks/DiskImages.framework/Versions/A/DiskImages
0x0000000009ce8000 	/System/Library/Frameworks/DiscRecording.framework/Versions/A/DiscRecording
0x0000000009ce8000 	/usr/lib/libcsfde.dylib
0x0000000009ce8000 	/usr/lib/libcurl.4.dylib
0x0000000009ce8000 	/System/Library/PrivateFrameworks/MediaKit.framework/Versions/A/MediaKit
0x0000000009ce8000 	/System/Library/PrivateFrameworks/ProtectedCloudStorage.framework/Versions/A/ProtectedCloudStorage
0x0000000009ce8000 	/usr/lib/libCoreStorage.dylib
0x0000000009ce8000 	/System/Library/PrivateFrameworks/EFILogin.framework/Versions/A/EFILogin
0x0000000009ce8000 	/usr/lib/libutil.dylib
0x0000000009ce8000 	/System/Library/PrivateFrameworks/FindMyDevice.framework/Versions/A/FindMyDevice
0x0000000009ce8000 	/System/Library/Frameworks/LDAP.framework/Versions/A/LDAP
0x0000000009ce8000 	/usr/lib/libsasl2.2.dylib
0x0000000009ce8000 	/System/Library/PrivateFrameworks/CoreDaemon.framework/Versions/B/CoreDaemon
0x0000000009ce8000 	/usr/lib/libcrypto.0.9.8.dylib
0x0000000009ce8000 	/System/Library/PrivateFrameworks/AppleSRP.framework/Versions/A/AppleSRP
0x0000000009ce8000 	/System/Library/PrivateFrameworks/TrustEvaluationAgent.framework/Versions/A/TrustEvaluationAgent
0x000000012b9cf000 	cl_kernels
0x0000000009ce8000 	/System/Library/Frameworks/OpenCL.framework/Versions/A/Libraries/ImageFormats/unorm8_bgra.dylib
0x0000000009ce8000 	/System/Library/Frameworks/OpenCL.framework/Versions/A/Libraries/ImageFormats/unorm8_rgba.dylib
0x0000000009ce8000 	/System/Library/PrivateFrameworks/FamilyControls.framework/Versions/A/FamilyControls
0x0000000009ce8000 	/System/Library/PrivateFrameworks/CommerceKit.framework/Versions/A/Frameworks/CommerceCore.framework/Versions/A/CommerceCore
0x0000000009ce8000 	/System/Library/PrivateFrameworks/SystemAdministration.framework/Versions/A/SystemAdministration
0x0000000009ce8000 	/System/Library/PrivateFrameworks/AppContainer.framework/Versions/A/AppContainer
0x0000000009ce8000 	/System/Library/PrivateFrameworks/SecCodeWrapper.framework/Versions/A/SecCodeWrapper
0x0000000009ce8000 	/System/Library/Frameworks/DirectoryService.framework/Versions/A/DirectoryService
0x0000000009ce8000 	/System/Library/PrivateFrameworks/LoginUIKit.framework/Versions/A/Frameworks/LoginUICore.framework/Versions/A/LoginUICore
0x0000000009ce8000 	/usr/lib/libodfde.dylib
0x000000012cb5f000 	/Library/Java/JavaVirtualMachines/jdk1.8.0_65.jdk/Contents/Home/jre/lib/libfontmanager.dylib
0x000000012cbc6000 	/Users/austindorff/Desktop/Java-Portfolio/Java Portfolio/lib/lwjgl/native/macosx/liblwjgl.dylib
0x000000012adc3000 	/Library/Java/JavaVirtualMachines/jdk1.8.0_65.jdk/Contents/Home/jre/lib/libjawt.dylib
0x000000012adc6000 	/Library/Java/JavaVirtualMachines/jdk1.8.0_65.jdk/Contents/Home/jre/lib/libnio.dylib
0x000000012cc48000 	/Library/Java/JavaVirtualMachines/jdk1.8.0_65.jdk/Contents/Home/jre/lib/./libnet.dylib
0x0000000009ce8000 	/System/Library/Frameworks/OpenGL.framework/Versions/A/Resources/GLEngine.bundle/GLEngine
0x0000000009ce8000 	/System/Library/Frameworks/OpenGL.framework/Versions/A/Libraries/libGLProgrammability.dylib
0x000000012cc5f000 	/System/Library/Extensions/AppleIntelHD5000GraphicsGLDriver.bundle/Contents/MacOS/AppleIntelHD5000GraphicsGLDriver
0x0000000009ce8000 	/System/Library/PrivateFrameworks/GPUSupport.framework/Versions/A/Libraries/libGPUSupportMercury.dylib
0x000000012d3ae000 	/System/Library/Extensions/AMDRadeonX4000GLDriver.bundle/Contents/MacOS/AMDRadeonX4000GLDriver
0x000000012d47a000 	/System/Library/Extensions/AMDRadeonX4000GLDriver.bundle/Contents/MacOS/ATIRadeonX4000SCLib.dylib
0x0000000009ce8000 	/System/Library/Frameworks/OpenGL.framework/Versions/A/Resources/GLRendererFloat.bundle/GLRendererFloat
0x000000012f1cd000 	/Users/austindorff/Desktop/Java-Portfolio/Java Portfolio/lib/lwjgl/native/macosx/openal.dylib
0x000000012f265000 	/System/Library/Components/CoreAudio.component/Contents/MacOS/CoreAudio
0x000000012f23e000 	/System/Library/Extensions/AppleHDA.kext/Contents/PlugIns/AppleHDAHALPlugIn.bundle/Contents/MacOS/AppleHDAHALPlugIn
0x000000012f42b000 	/Library/Audio/Plug-Ins/HAL/Avid CoreAudio.plugin/Contents/MacOS/Avid CoreAudio

VM Arguments:
jvm_args: -Djava.library.path=/Users/austindorff/Desktop/Java-Portfolio/Java Portfolio/lib/lwjgl/native/macosx -Dfile.encoding=UTF-8 
java_command: com.austindorff.programs.games.imagetiles.runner.TheGame
java_class_path (initial): /Users/austindorff/Desktop/Java-Portfolio/Java Portfolio/bin:/Users/austindorff/Desktop/Java-Portfolio/Java Portfolio/lib/slick2D/slick.jar:/Users/austindorff/Desktop/Java-Portfolio/Java Portfolio/lib/jogg/jogg-0.0.7.jar:/Users/austindorff/Desktop/Java-Portfolio/Java Portfolio/lib/jorbis/jorbis-0.0.15.jar:/Users/austindorff/Desktop/Java-Portfolio/Java Portfolio/lib/lwjgl/lwjgl.jar
Launcher Type: SUN_STANDARD

Environment Variables:
PATH=/usr/bin:/bin:/usr/sbin:/sbin
SHELL=/bin/bash

Signal Handlers:
SIGSEGV: [libjvm.dylib+0x5a6d31], sa_mask[0]=11111111011111110111111111111111, sa_flags=SA_ONSTACK|SA_RESTART|SA_SIGINFO
SIGBUS: [libjvm.dylib+0x5a6d31], sa_mask[0]=11111111011111110111111111111111, sa_flags=SA_RESTART|SA_SIGINFO
SIGFPE: [libjvm.dylib+0x480a40], sa_mask[0]=11111111011111110111111111111111, sa_flags=SA_RESTART|SA_SIGINFO
SIGPIPE: [libjvm.dylib+0x480a40], sa_mask[0]=11111111011111110111111111111111, sa_flags=SA_RESTART|SA_SIGINFO
SIGXFSZ: [libjvm.dylib+0x480a40], sa_mask[0]=11111111011111110111111111111111, sa_flags=SA_RESTART|SA_SIGINFO
SIGILL: [libjvm.dylib+0x480a40], sa_mask[0]=11111111011111110111111111111111, sa_flags=SA_RESTART|SA_SIGINFO
SIGUSR1: SIG_DFL, sa_mask[0]=00000000000000000000000000000000, sa_flags=none
SIGUSR2: [libjvm.dylib+0x48055e], sa_mask[0]=00100000000000000000000000000000, sa_flags=SA_RESTART|SA_SIGINFO
SIGHUP: [libjvm.dylib+0x47eb35], sa_mask[0]=11111111011111110111111111111111, sa_flags=SA_RESTART|SA_SIGINFO
SIGINT: [libjvm.dylib+0x47eb35], sa_mask[0]=11111111011111110111111111111111, sa_flags=SA_RESTART|SA_SIGINFO
SIGTERM: [libjvm.dylib+0x47eb35], sa_mask[0]=11111111011111110111111111111111, sa_flags=SA_RESTART|SA_SIGINFO
SIGQUIT: [libjvm.dylib+0x47eb35], sa_mask[0]=11111111011111110111111111111111, sa_flags=SA_RESTART|SA_SIGINFO


---------------  S Y S T E M  ---------------

OS:Bsduname:Darwin 15.5.0 Darwin Kernel Version 15.5.0: Tue Apr 19 18:36:36 PDT 2016; root:xnu-3248.50.21~8/RELEASE_X86_64 x86_64
rlimit: STACK 8192k, CORE 0k, NPROC 709, NOFILE 10240, AS infinity
load average:2.34 2.05 1.86

CPU:total 8 (4 cores per cpu, 2 threads per core) family 6 model 70 stepping 1, cmov, cx8, fxsr, mmx, sse, sse2, sse3, ssse3, sse4.1, sse4.2, popcnt, avx, avx2, aes, clmul, erms, lzcnt, ht, tsc, tscinvbit, bmi1, bmi2

Memory: 4k page, physical 16777216k(38656k free)

/proc/meminfo:


vm_info: Java HotSpot(TM) 64-Bit Server VM (25.65-b01) for bsd-amd64 JRE (1.8.0_65-b17), built on Oct  6 2015 15:36:46 by "java_re" with gcc 4.2.1 (Based on Apple Inc. build 5658) (LLVM build 2336.11.00)

time: Thu Sep 15 16:29:20 2016
elapsed time: 3 seconds (0d 0h 0m 3s)

